2024-09-27 22:48:37,726 - INFO - 商品リストをアップロードし、標準化ファイルを作成しました: E:/documents/work/python_scrapting/product_list.xlsx
2024-09-27 22:48:39,926 - INFO - 監視開始。
2024-09-27 22:53:54,632 - INFO - 商品リストをアップロードし、標準化ファイルを作成しました: E:/documents/work/python_scrapting/product_list.xlsx
2024-09-27 22:53:56,294 - INFO - 監視開始。
2024-09-27 23:01:53,335 - INFO - 商品リストをアップロードし、標準化ファイルを作成しました: E:/documents/work/python_scrapting/product_list.xlsx
2024-09-27 23:01:54,909 - INFO - 監視開始。
2024-09-27 23:02:29,245 - INFO - 監視停止。
2024-09-28 00:53:34,182 - INFO - 監視開始。
2024-09-28 00:53:36,791 - INFO - 監視停止。
2024-09-28 00:59:44,902 - INFO - 監視開始。
2024-09-28 00:59:46,903 - INFO - 監視停止。
2024-09-28 01:40:23,588 - INFO - 監視開始。
2024-09-28 01:40:28,804 - INFO - 監視停止。
2024-09-28 01:41:33,228 - INFO - 監視開始。
2024-09-28 01:41:39,039 - INFO - 監視停止。
2024-09-28 01:45:37,652 - INFO - 監視開始。
2024-09-28 01:45:38,597 - INFO - 監視停止。
2024-09-28 01:46:31,564 - INFO - 監視開始。
2024-09-28 01:49:21,292 - INFO - 監視開始。
2024-09-28 02:06:32,488 - INFO - 商品リストをアップロードし、標準化ファイルを作成しました: E:/documents/work/python_scrapting/product_list.xlsx
2024-09-28 02:06:35,788 - INFO - 監視開始。
2024-09-28 03:17:07,855 - INFO - 監視開始。
2024-09-28 03:18:28,241 - INFO - 商品リストをアップロードし、標準化ファイルを作成しました: E:/documents/work/python_scrapting/product_list.xlsx
2024-09-28 03:18:29,951 - INFO - 監視開始。
2024-09-28 09:26:41,515 - INFO - 監視開始。
2024-09-28 09:27:06,826 - INFO - 監視停止。
2024-09-28 09:30:58,978 - INFO - 監視開始。
2024-09-28 09:31:00,529 - INFO - 監視停止。
2024-09-28 09:31:20,737 - INFO - 商品リストをアップロードし、標準化ファイルを作成しました: E:/documents/work/python_scrapting/product_list.xlsx
2024-09-28 09:31:26,634 - INFO - 監視開始。
2024-09-28 09:41:26,098 - INFO - 監視開始。
2024-09-28 09:46:14,984 - INFO - 商品リストをアップロードし、標準化ファイルを作成しました: E:/documents/work/python_scrapting/product_list.xlsx
2024-09-28 09:46:36,802 - INFO - 監視開始。
2024-09-28 09:50:33,930 - INFO - 監視開始。
2024-09-28 09:51:15,417 - INFO - 監視停止。
2024-09-28 09:51:16,922 - INFO - 監視開始。
2024-09-28 09:51:38,785 - INFO - 監視停止。
2024-09-28 11:13:41,175 - INFO - 商品リストをアップロードし、標準化ファイルを作成しました: C:/Users/Joker/Documents/ppp.xlsx
2024-09-28 11:13:46,822 - INFO - 監視開始。
2024-09-28 11:42:28,073 - INFO - 商品リストをアップロードし、標準化ファイルを作成しました: C:/Users/Joker/Documents/ppp.xlsx
2024-09-28 11:42:31,227 - INFO - 監視開始。
2024-09-28 11:48:49,473 - INFO - 商品リストをアップロードし、標準化ファイルを作成しました: C:/Users/Joker/Documents/ppp.xlsx
2024-09-28 11:48:50,364 - INFO - 監視開始。
2024-09-28 12:13:21,009 - INFO - 商品リストをアップロードし、標準化ファイルを作成しました: C:/Users/Joker/Documents/ppp.xlsx
2024-09-28 12:13:22,953 - INFO - 監視開始。
2024-09-28 12:49:15,508 - INFO - 商品リストをアップロードし、標準化ファイルを作成しました: C:/Users/Joker/Documents/ppp.xlsx
2024-09-28 12:49:16,168 - INFO - 監視開始。
2024-09-28 12:50:19,647 - INFO - 監視開始。
2024-09-28 12:50:35,415 - INFO - 監視停止。
2024-09-28 12:59:44,964 - INFO - 商品リストをアップロードし、標準化ファイルを作成しました: C:/Users/Joker/Documents/ppp.xlsx
2024-09-28 12:59:46,167 - INFO - 監視開始。
2024-09-28 13:08:04,743 - INFO - 監視開始。
2024-09-28 13:08:26,774 - INFO - 監視停止。
2024-09-28 13:49:13,693 - INFO - 商品リストをアップロードし、標準化ファイルを作成しました: C:/Users/Joker/Documents/ppp.xlsx
2024-09-28 13:49:14,876 - INFO - 監視開始。
2024-09-28 13:51:37,699 - INFO - 監視停止。
2024-09-28 14:00:15,539 - INFO - 監視開始。
2024-09-28 14:00:48,771 - INFO - 監視停止。
2024-09-28 14:09:29,314 - INFO - 監視開始。
2024-09-28 14:10:01,178 - INFO - 監視停止。
2024-09-28 14:12:46,811 - INFO - 監視開始。
2024-09-28 14:14:55,745 - INFO - 商品リストをアップロードし、標準化ファイルを作成しました: C:/Users/Joker/Documents/ppp.xlsx
2024-09-28 14:14:57,218 - INFO - 監視開始。
2024-09-28 14:17:02,450 - INFO - 監視開始。
2024-09-28 14:22:58,386 - INFO - 監視開始。
2024-09-28 14:23:04,882 - INFO - 監視停止。
2024-09-28 14:25:15,714 - INFO - 監視開始。
2024-09-28 14:25:20,722 - INFO - 監視停止。
2024-09-28 14:25:27,210 - INFO - 監視開始。
2024-09-28 14:25:35,184 - INFO - 監視停止。
2024-09-28 14:25:41,098 - INFO - 監視開始。
2024-09-28 14:25:54,050 - INFO - 監視停止。
2024-09-28 14:39:34,761 - INFO - 監視開始。
2024-09-28 14:39:48,721 - INFO - 監視停止。
2024-09-28 14:40:52,838 - INFO - 商品リストをアップロードし、標準化ファイルを作成しました: C:/Users/Joker/Documents/ppp.xlsx
2024-09-28 14:40:54,209 - INFO - 監視開始。
2024-09-28 14:41:00,073 - INFO - 監視停止。
2024-09-28 14:41:39,848 - INFO - 商品リストをアップロードし、標準化ファイルを作成しました: C:/Users/Joker/Documents/ppp.xlsx
2024-09-28 14:41:41,049 - INFO - 監視開始。
2024-09-28 14:41:45,072 - INFO - 監視停止。
2024-09-28 14:41:49,650 - INFO - 監視開始。
2024-09-28 14:42:05,465 - INFO - 監視停止。
2024-10-06 01:07:28,730 - INFO - 監視開始。
2024-10-06 09:21:47,891 - INFO - 監視開始。
2024-10-06 09:22:34,228 - INFO - 監視停止。
2024-10-06 09:23:21,233 - INFO - 商品リストをアップロードし、標準化ファイルを作成しました: C:/Users/Joker/Documents/ppp.xlsx
2024-10-06 09:23:23,748 - INFO - 監視開始。
2024-10-06 09:25:50,931 - INFO - 監視停止。
2024-10-06 09:40:33,100 - INFO - 監視開始。
2024-10-06 09:41:37,669 - INFO - 監視開始。
2024-10-06 09:42:01,036 - INFO - 監視開始。
2024-10-06 09:43:36,740 - INFO - 監視停止。
2024-10-06 09:43:41,140 - INFO - 監視開始。
2024-10-06 09:47:55,852 - INFO - 監視開始。
2024-10-06 09:49:19,604 - INFO - 監視停止。
2024-10-07 23:11:49,461 - INFO - 商品リストをアップロードし、標準化ファイルを作成しました: C:/Users/Joker/Documents/ppp.xlsx
2024-10-07 23:11:52,465 - INFO - 監視開始。
2024-10-07 23:23:57,536 - INFO - 商品リストをアップロードし、標準化ファイルを作成しました: C:/Users/Joker/Documents/ppp.xlsx
2024-10-07 23:24:00,338 - INFO - 監視開始。
2024-10-07 23:30:17,426 - INFO - 監視停止。
2024-10-08 19:22:51,138 - INFO - 監視開始。
2024-10-08 19:23:34,073 - INFO - 監視停止。
2024-10-09 01:19:13,464 - INFO - 商品リストをアップロードし、標準化ファイルを作成しました: C:/Users/Joker/Documents/temp/ppp.xlsx
2024-10-09 01:19:16,296 - INFO - 監視開始。
2024-10-09 01:19:32,993 - INFO - 監視停止。
2024-10-09 01:22:21,470 - INFO - 商品リストをアップロードし、標準化ファイルを作成しました: C:/Users/Joker/Documents/temp/ppp.xlsx
2024-10-09 01:22:22,544 - INFO - 監視開始。
2024-10-09 01:26:11,468 - INFO - 商品リストをアップロードし、標準化ファイルを作成しました: C:/Users/Joker/Documents/temp/ppp.xlsx
2024-10-09 01:26:12,560 - INFO - 監視開始。
2024-10-09 01:26:56,240 - INFO - 監視停止。
2024-10-09 01:27:06,255 - INFO - 監視開始。
2024-10-09 01:27:18,168 - INFO - 監視停止。
2024-10-09 01:35:50,864 - INFO - 監視開始。
2024-10-09 01:36:03,871 - INFO - 監視停止。
2024-10-09 01:37:35,464 - INFO - 監視開始。
2024-10-09 01:39:38,383 - INFO - 監視停止。
2024-10-09 01:42:59,960 - INFO - 監視開始。
2024-10-09 01:43:36,264 - INFO - 監視停止。
2024-10-09 01:43:55,158 - INFO - 商品リストをアップロードし、標準化ファイルを作成しました: E:/documents/work/python_scrapting/product_list.xlsx
2024-10-09 01:43:58,968 - INFO - 監視開始。
2024-10-09 01:47:52,520 - INFO - 監視停止。
2024-10-09 01:48:08,681 - INFO - 監視開始。
2024-10-09 01:48:48,264 - INFO - 監視停止。
2024-10-09 01:48:49,097 - INFO - 監視開始。
2024-10-09 01:48:51,023 - INFO - 監視停止。
2024-10-09 01:49:00,984 - INFO - 監視開始。
2024-10-09 01:49:09,920 - INFO - 監視停止。
2024-10-09 01:50:09,144 - INFO - 監視開始。
2024-10-09 01:50:21,561 - INFO - 監視停止。
2024-10-09 01:50:47,465 - INFO - 監視開始。
2024-10-09 01:50:55,016 - INFO - 監視停止。
2024-10-09 01:51:25,514 - INFO - 監視開始。
2024-10-09 02:16:56,361 - INFO - 監視停止。
2024-10-09 03:02:44,026 - INFO - 商品リストをアップロードし、標準化ファイルを作成しました: C:/Users/Joker/Documents/temp/ppp.xlsx
2024-10-09 03:02:45,915 - INFO - 監視開始。
2024-10-09 03:05:38,138 - INFO - 監視停止。
2024-10-09 03:07:12,973 - INFO - 商品リストをアップロードし、標準化ファイルを作成しました: C:/Users/Joker/Documents/temp/ppp.xlsx
2024-10-09 03:07:14,338 - INFO - 監視開始。
2024-10-09 03:16:10,144 - INFO - 商品リストをアップロードし、標準化ファイルを作成しました: C:/Users/Joker/Documents/temp/ppp.xlsx
2024-10-09 03:16:13,873 - INFO - 監視開始。
2024-10-09 03:23:07,177 - INFO - 監視停止。
2024-10-09 03:54:35,663 - INFO - 商品リストをアップロードし、標準化ファイルを作成しました: C:/Users/Joker/Documents/temp/ppp.xlsx
2024-10-09 03:54:37,995 - INFO - 監視開始。
2024-10-09 03:55:02,699 - INFO - 監視停止。
2024-10-09 03:55:04,891 - INFO - 監視開始。
2024-10-09 04:03:36,443 - INFO - 監視停止。
2024-10-09 04:05:37,470 - INFO - 商品リストをアップロードし、標準化ファイルを作成しました: C:/Users/Joker/Documents/temp/ppp.xlsx
2024-10-09 04:05:39,675 - INFO - 監視開始。
2024-10-09 04:06:06,732 - INFO - 監視停止。
2024-10-09 04:08:05,583 - INFO - 商品リストをアップロードし、標準化ファイルを作成しました: C:/Users/Joker/Documents/temp/ppp.xlsx
2024-10-09 04:08:06,395 - INFO - 監視開始。
2024-10-09 04:19:43,373 - INFO - 商品リストをアップロードし、標準化ファイルを作成しました: C:/Users/Joker/Documents/temp/ppp.xlsx
2024-10-09 04:19:44,332 - INFO - 監視開始。
2024-10-09 04:21:35,259 - INFO - 監視停止。
2024-10-09 04:21:49,052 - INFO - 商品リストをアップロードし、標準化ファイルを作成しました: C:/Users/Joker/Documents/temp/ppp.xlsx
2024-10-09 04:21:50,653 - INFO - 監視開始。
2024-10-09 04:32:15,452 - INFO - 監視停止。
2024-10-09 04:32:37,693 - INFO - 商品リストをアップロードし、標準化ファイルを作成しました: C:/Users/Joker/Documents/temp/ppp.xlsx
2024-10-09 04:32:40,341 - INFO - 監視開始。
2024-10-09 04:33:35,685 - INFO - 監視停止。
2024-10-09 04:35:18,205 - INFO - 監視開始。
2024-10-09 04:35:20,156 - INFO - 監視停止。
2024-10-09 04:35:23,123 - INFO - 商品リストをアップロードし、標準化ファイルを作成しました: C:/Users/Joker/Documents/temp/ppp.xlsx
2024-10-09 04:35:24,772 - INFO - 監視開始。
2024-10-09 04:36:16,532 - INFO - 監視停止。
2024-10-09 04:42:12,654 - INFO - 商品リストをアップロードし、標準化ファイルを作成しました: C:/Users/Joker/Documents/temp/ppp.xlsx
2024-10-09 04:42:14,141 - INFO - 監視開始。
2024-10-09 04:43:54,644 - INFO - 監視開始。
2024-10-09 04:46:43,796 - INFO - 監視開始。
2024-10-09 04:49:36,799 - INFO - 商品リストをアップロードし、標準化ファイルを作成しました: C:/Users/Joker/Documents/temp/ppp.xlsx
2024-10-09 04:49:38,508 - INFO - 監視開始。
2024-10-09 04:50:42,452 - INFO - 商品リストをアップロードし、標準化ファイルを作成しました: C:/Users/Joker/Documents/temp/ppp.xlsx
2024-10-09 04:50:43,237 - INFO - 監視開始。
2024-10-09 04:53:22,980 - INFO - 監視停止。
2024-10-09 04:53:25,196 - INFO - 監視開始。
2024-10-09 04:55:14,780 - INFO - 商品リストをアップロードし、標準化ファイルを作成しました: C:/Users/Joker/Documents/temp/ppp.xlsx
2024-10-09 04:55:16,932 - INFO - 監視開始。
2024-10-09 04:55:23,299 - INFO - 監視停止。
2024-10-09 04:55:24,156 - INFO - 監視開始。
2024-10-09 05:00:06,253 - INFO - 監視停止。
2024-10-09 05:02:03,997 - INFO - 商品リストをアップロードし、標準化ファイルを作成しました: C:/Users/Joker/Documents/temp/ppp.xlsx
2024-10-09 05:02:06,204 - INFO - 監視開始。
2024-10-09 05:03:05,053 - INFO - 監視開始。
2024-10-09 05:03:13,268 - INFO - 監視停止。
2024-10-09 05:03:14,294 - INFO - 監視開始。
2024-10-09 05:03:18,588 - INFO - 監視停止。
2024-10-09 05:04:20,236 - INFO - 監視開始。
2024-10-09 05:05:47,364 - INFO - 商品リストをアップロードし、標準化ファイルを作成しました: C:/Users/Joker/Documents/temp/ppp.xlsx
2024-10-09 05:05:48,525 - INFO - 監視開始。
2024-10-09 05:05:53,204 - INFO - 監視停止。
2024-10-09 05:06:11,030 - INFO - 商品リストをアップロードし、標準化ファイルを作成しました: C:/Users/Joker/Documents/temp/ppp.xlsx
2024-10-09 05:06:12,099 - INFO - 監視開始。
2024-10-09 05:06:32,421 - INFO - 監視開始。
2024-10-09 05:08:14,232 - INFO - 商品リストをアップロードし、標準化ファイルを作成しました: C:/Users/Joker/Documents/temp/ppp.xlsx
2024-10-09 05:08:15,181 - INFO - 監視開始。
2024-10-09 05:08:28,084 - INFO - 監視停止。
2024-10-09 05:08:28,845 - INFO - 監視開始。
2024-10-09 05:08:45,220 - INFO - 監視停止。
2024-10-09 05:08:45,955 - INFO - 監視開始。
2024-10-09 05:09:00,828 - INFO - 監視停止。
2024-10-09 05:09:01,620 - INFO - 監視開始。
2024-10-09 05:09:27,877 - INFO - 監視停止。
2024-10-09 05:11:19,529 - INFO - 商品リストをアップロードし、標準化ファイルを作成しました: C:/Users/Joker/Documents/temp/ppp.xlsx
2024-10-09 05:11:21,028 - INFO - 監視開始。
2024-10-09 05:13:45,966 - INFO - 商品リストをアップロードし、標準化ファイルを作成しました: C:/Users/Joker/Documents/temp/ppp.xlsx
2024-10-09 05:13:47,476 - INFO - 監視開始。
2024-10-09 05:16:13,390 - INFO - 商品リストをアップロードし、標準化ファイルを作成しました: C:/Users/Joker/Documents/temp/ppp.xlsx
2024-10-09 05:16:14,421 - INFO - 監視開始。
2024-10-09 05:16:19,701 - INFO - 監視停止。
2024-10-09 05:16:20,396 - INFO - 監視開始。
2024-10-09 05:16:28,244 - INFO - 監視停止。
2024-10-09 05:16:29,164 - INFO - 監視開始。
2024-10-09 05:16:33,533 - INFO - 監視停止。
2024-10-09 05:16:34,252 - INFO - 監視開始。
2024-10-09 05:17:29,613 - INFO - 監視停止。
2024-10-09 05:18:44,327 - INFO - 商品リストをアップロードし、標準化ファイルを作成しました: C:/Users/Joker/Documents/temp/ppp.xlsx
2024-10-09 05:18:45,829 - INFO - 監視開始。
2024-10-09 05:19:16,549 - INFO - 監視停止。
2024-10-09 05:25:27,206 - INFO - 商品リストをアップロードし、標準化ファイルを作成しました: C:/Users/Joker/Documents/temp/ppp.xlsx
2024-10-09 05:25:29,524 - INFO - 監視開始。
2024-10-09 05:25:48,677 - INFO - 監視停止。
2024-10-09 05:26:07,224 - INFO - 商品リストをアップロードし、標準化ファイルを作成しました: E:/documents/work/python_scrapting/product_list.xlsx
2024-10-09 05:26:09,893 - INFO - 監視開始。
2024-10-09 05:37:01,445 - INFO - 監視停止。
2024-10-09 05:37:44,441 - INFO - 商品リストをアップロードし、標準化ファイルを作成しました: E:/documents/work/python_scrapting/product_list.xlsx
2024-10-09 05:37:45,678 - INFO - 監視開始。
2024-10-09 05:38:41,342 - INFO - 監視停止。
2024-10-09 05:39:39,127 - INFO - 商品リストをアップロードし、標準化ファイルを作成しました: E:/documents/work/python_scrapting/product_list.xlsx
2024-10-09 05:39:40,525 - INFO - 監視開始。
2024-10-09 05:41:53,536 - INFO - 商品リストをアップロードし、標準化ファイルを作成しました: E:/documents/work/python_scrapting/product_list.xlsx
2024-10-09 05:41:54,765 - INFO - 監視開始。
2024-10-09 05:42:57,453 - INFO - 監視停止。
2024-10-09 05:43:27,614 - INFO - 商品リストをアップロードし、標準化ファイルを作成しました: E:/documents/work/python_scrapting/product_list.xlsx
2024-10-09 05:43:28,725 - INFO - 監視開始。
2024-10-09 05:48:52,956 - INFO - 商品リストをアップロードし、標準化ファイルを作成しました: E:/documents/work/python_scrapting/product_list.xlsx
2024-10-09 05:48:54,012 - INFO - 監視開始。
2024-10-09 05:51:42,761 - INFO - 商品リストをアップロードし、標準化ファイルを作成しました: E:/documents/work/python_scrapting/product_list.xlsx
2024-10-09 05:51:43,636 - INFO - 監視開始。
2024-10-09 06:00:43,412 - INFO - 商品リストをアップロードし、標準化ファイルを作成しました: E:/documents/work/python_scrapting/product_list.xlsx
2024-10-09 06:00:44,638 - INFO - 監視開始。
2024-10-09 06:05:17,046 - INFO - 監視開始。
2024-10-09 06:13:03,829 - INFO - 監視停止。
2024-10-09 06:13:21,732 - INFO - 商品リストをアップロードし、標準化ファイルを作成しました: E:/documents/work/python_scrapting/product_list.xlsx
2024-10-09 06:13:24,038 - INFO - 監視開始。
2024-10-09 06:20:34,335 - INFO - 監視停止。
2024-10-09 06:22:01,503 - INFO - 商品リストをアップロードし、標準化ファイルを作成しました: E:/documents/work/python_scrapting/product_list.xlsx
2024-10-09 06:22:03,054 - INFO - 監視開始。
2024-10-09 06:23:58,599 - INFO - 監視停止。
2024-10-09 06:24:01,458 - INFO - 商品リストをアップロードし、標準化ファイルを作成しました: E:/documents/work/python_scrapting/product_list.xlsx
2024-10-09 06:24:02,661 - INFO - 監視開始。
2024-10-09 06:24:53,043 - INFO - 監視停止。
2024-10-09 06:24:57,383 - INFO - 監視開始。
2024-10-09 06:32:30,550 - INFO - 商品リストをアップロードし、標準化ファイルを作成しました: E:/documents/work/python_scrapting/product_list.xlsx
2024-10-09 06:32:31,735 - INFO - 監視開始。
2024-10-09 06:36:40,548 - INFO - 商品リストをアップロードし、標準化ファイルを作成しました: E:/documents/work/python_scrapting/product_list.xlsx
2024-10-09 06:36:43,534 - INFO - 監視開始。
2024-10-09 06:38:49,495 - INFO - 監視停止。
2024-10-09 06:38:50,406 - INFO - 監視開始。
2024-10-09 06:39:00,558 - INFO - 監視停止。
2024-10-09 06:43:43,839 - INFO - 商品リストをアップロードし、標準化ファイルを作成しました: E:/documents/work/python_scrapting/product_list.xlsx
2024-10-09 06:43:45,334 - INFO - 監視開始。
2024-10-09 06:44:59,182 - INFO - 監視開始。
2024-10-09 06:45:01,191 - INFO - 監視停止。
2024-10-09 06:45:03,197 - INFO - 監視開始。
2024-10-09 06:45:04,526 - INFO - 監視停止。
2024-10-09 06:47:22,862 - INFO - 監視開始。
2024-10-09 06:57:11,199 - INFO - 監視停止。
2024-10-09 06:57:22,861 - INFO - 商品リストをアップロードし、標準化ファイルを作成しました: E:/documents/work/python_scrapting/product_list.xlsx
2024-10-09 06:57:24,414 - INFO - 監視開始。
2024-10-09 06:59:23,821 - INFO - 監視停止。
2024-10-09 07:01:54,424 - INFO - 商品リストをアップロードし、標準化ファイルを作成しました: E:/documents/work/python_scrapting/product_list.xlsx
2024-10-09 07:01:55,776 - INFO - 監視開始。
2024-10-09 07:41:45,959 - INFO - 監視停止。
2024-10-09 07:49:36,872 - INFO - 商品リストをアップロードし、標準化ファイルを作成しました: E:/documents/work/python_scrapting/product_list.xlsx
2024-10-09 07:49:38,448 - INFO - 監視開始。
2024-10-09 07:50:46,103 - INFO - 監視停止。
2024-10-09 07:52:21,397 - INFO - 商品リストをアップロードし、標準化ファイルを作成しました: E:/documents/work/python_scrapting/product_list.xlsx
2024-10-09 07:52:22,903 - INFO - 監視開始。
2024-10-09 07:56:16,026 - INFO - 商品リストをアップロードし、標準化ファイルを作成しました: E:/documents/work/python_scrapting/product_list.xlsx
2024-10-09 07:56:17,631 - INFO - 監視開始。
2024-10-09 07:57:39,406 - INFO - 監視停止。
2024-10-09 07:58:13,879 - INFO - 商品リストをアップロードし、標準化ファイルを作成しました: E:/documents/work/python_scrapting/product_list.xlsx
2024-10-09 07:58:16,447 - INFO - 監視開始。
2024-10-09 08:02:16,456 - INFO - 監視停止。
2024-10-09 08:06:29,034 - INFO - 商品リストをアップロードし、標準化ファイルを作成しました: E:/documents/work/python_scrapting/product_list.xlsx
2024-10-09 08:06:30,696 - INFO - 監視開始。
2024-10-09 08:11:24,442 - INFO - 商品リストをアップロードし、標準化ファイルを作成しました: E:/documents/work/python_scrapting/product_list.xlsx
2024-10-09 08:11:26,416 - INFO - 監視開始。
2024-10-09 08:12:34,825 - INFO - 監視停止。
2024-10-09 08:13:11,440 - INFO - 商品リストをアップロードし、標準化ファイルを作成しました: E:/documents/work/python_scrapting/product_list.xlsx
2024-10-09 08:13:15,896 - INFO - 監視開始。
2024-10-09 08:13:52,984 - INFO - 監視停止。
2024-10-09 08:14:22,648 - INFO - 監視開始。
2024-10-09 08:14:46,480 - INFO - 監視停止。
2024-10-09 08:14:47,616 - INFO - 監視開始。
2024-10-09 08:16:54,752 - INFO - 監視停止。
2024-10-09 08:17:17,455 - INFO - 商品リストをアップロードし、標準化ファイルを作成しました: E:/documents/work/python_scrapting/product_list.xlsx
2024-10-09 08:17:20,049 - INFO - 監視開始。
2024-10-09 08:19:42,160 - INFO - 監視停止。
2024-10-09 08:20:25,752 - INFO - 商品リストをアップロードし、標準化ファイルを作成しました: E:/documents/work/python_scrapting/product_list.xlsx
2024-10-09 08:20:27,176 - INFO - 監視開始。
2024-10-09 08:48:05,504 - INFO - 監視停止。
2024-10-09 08:51:46,130 - INFO - 監視開始。
2024-10-09 08:52:38,833 - INFO - 監視停止。
2024-10-09 08:54:17,201 - INFO - 監視開始。
2024-10-09 08:55:30,968 - INFO - 監視停止。
2024-10-09 08:56:55,034 - INFO - 監視開始。
2024-10-09 08:59:35,369 - INFO - 監視開始。
2024-10-09 08:59:40,673 - INFO - 監視停止。
2024-10-09 08:59:41,961 - INFO - 監視開始。
2024-10-09 09:17:44,393 - INFO - 監視停止。
2024-10-09 09:38:13,578 - INFO - 監視開始。
2024-10-09 09:45:47,667 - INFO - 監視開始。
2024-10-09 09:48:20,158 - INFO - 商品リストをアップロードし、標準化ファイルを作成しました: C:/Users/Joker/Documents/temp/ppp.xlsx
2024-10-09 09:48:26,346 - INFO - 監視開始。
2024-10-09 09:49:41,194 - INFO - 監視開始。
2024-10-09 09:49:57,378 - INFO - 監視停止。
2024-10-09 09:55:14,977 - INFO - 監視開始。
2024-10-09 09:55:44,826 - INFO - 監視停止。
2024-10-09 09:56:14,855 - INFO - 商品リストをアップロードし、標準化ファイルを作成しました: E:/documents/work/python_scrapting/product_list.xlsx
2024-10-09 09:56:19,506 - INFO - 監視開始。
2024-10-09 10:53:22,943 - INFO - 商品リストをアップロードし、標準化ファイルを作成しました: E:/documents/work/python_scrapting/product_list.xlsx
2024-10-09 10:53:25,498 - INFO - 監視開始。
2024-10-09 11:09:34,347 - INFO - 監視開始。
2024-10-09 11:09:47,877 - INFO - 監視停止。
2024-10-09 11:10:23,148 - INFO - 監視開始。
2024-10-09 11:10:28,363 - INFO - 監視停止。
2024-10-09 11:10:42,772 - INFO - 監視開始。
2024-10-09 11:11:01,251 - INFO - 監視停止。
2024-10-09 11:11:13,619 - INFO - 監視開始。
2024-10-09 11:22:39,252 - INFO - 監視停止。
2024-10-09 11:24:27,804 - INFO - 監視開始。
2024-10-09 11:26:28,956 - INFO - 監視停止。
2024-10-09 11:30:16,916 - INFO - 監視開始。
2024-10-09 11:31:09,916 - INFO - 監視停止。
2024-10-09 11:33:26,092 - INFO - 監視開始。
2024-10-09 11:38:58,872 - INFO - 監視停止。
2024-10-09 11:49:27,665 - INFO - 監視開始。
2024-10-09 11:49:55,544 - INFO - 監視停止。
2024-10-09 11:50:04,416 - INFO - 監視開始。
2024-10-09 11:51:03,128 - INFO - 監視停止。
2024-10-09 11:51:37,258 - INFO - 監視開始。
2024-10-09 11:52:18,672 - INFO - 監視停止。
2024-10-09 11:52:49,337 - INFO - 監視開始。
2024-10-09 11:56:08,177 - INFO - 監視停止。
2024-10-09 11:56:23,185 - INFO - 監視開始。
2024-10-09 12:02:47,465 - INFO - 監視停止。
2024-10-09 12:03:12,225 - INFO - 監視開始。
2024-10-09 12:04:33,690 - INFO - 監視停止。
2024-10-09 12:04:55,577 - INFO - 監視開始。
2024-10-09 12:06:31,561 - INFO - 監視停止。
2024-10-09 12:08:07,090 - INFO - 監視開始。
2024-10-09 12:08:52,986 - INFO - 監視停止。
2024-10-09 12:09:28,001 - INFO - 監視開始。
2024-10-09 12:11:09,769 - INFO - 監視停止。
2024-10-09 12:11:21,225 - INFO - 監視開始。
2024-10-09 12:12:40,585 - INFO - 監視停止。
2024-10-09 12:13:20,441 - INFO - 監視開始。
2024-10-09 12:13:42,794 - INFO - 監視停止。
2024-10-09 12:14:35,065 - INFO - 監視開始。
2024-10-09 12:15:03,001 - INFO - 監視停止。
2024-10-09 12:17:02,209 - INFO - 監視開始。
2024-10-09 12:17:23,913 - INFO - 監視停止。
2024-10-09 12:19:07,705 - INFO - 監視開始。
2024-10-09 12:23:18,361 - INFO - 監視停止。
2024-10-09 12:24:36,921 - INFO - 監視開始。
2024-10-09 12:26:54,186 - INFO - 監視開始。
2024-10-09 12:28:22,994 - INFO - 監視開始。
2024-10-09 12:29:04,065 - INFO - 監視開始。
2024-10-09 12:29:27,025 - INFO - 監視開始。
2024-10-09 12:29:43,225 - INFO - 監視開始。
2024-10-09 12:29:58,937 - INFO - 監視停止。
2024-10-09 17:22:37,472 - INFO - 商品リストをアップロードし、標準化ファイルを作成しました: E:/documents/work/python_scrapting/product_list.xlsx
2024-10-09 17:32:03,674 - INFO - 商品リストをアップロードし、標準化ファイルを作成しました: E:/documents/work/python_scrapting/product_list.xlsx
2024-10-09 21:26:44,047 - INFO - 商品リストをアップロードし、標準化ファイルを作成しました: E:/documents/work/python_scrapting/product_list.xlsx
2024-10-09 21:29:31,573 - INFO - 監視開始。
2024-10-09 21:29:48,660 - INFO - 監視停止。
2024-10-09 21:30:39,700 - INFO - 監視開始。
2024-10-09 21:30:41,596 - INFO - 監視停止。
2024-10-09 21:30:44,643 - INFO - 商品リストをアップロードし、標準化ファイルを作成しました: E:/documents/work/python_scrapting/product_list.xlsx
2024-10-09 21:30:46,652 - INFO - 監視開始。
2024-10-09 21:30:48,044 - INFO - 監視停止。
2024-10-09 21:32:04,114 - INFO - 商品リストをアップロードし、標準化ファイルを作成しました: E:/documents/work/python_scrapting/product_list.xlsx
2024-10-09 21:34:14,954 - INFO - 商品リストをアップロードし、標準化ファイルを作成しました: E:/documents/work/python_scrapting/product_list.xlsx
2024-10-09 21:47:29,155 - INFO - 商品リストをアップロードし、標準化ファイルを作成しました: E:/documents/work/python_scrapting/product_list.xlsx
2024-10-09 21:47:53,364 - INFO - 商品リストをアップロードし、標準化ファイルを作成しました: E:/documents/work/python_scrapting/product_list.xlsx
2024-10-09 22:01:06,594 - INFO - 商品リストをアップロードし、標準化ファイルを作成しました: E:/documents/work/python_scrapting/product_list.xlsx
2024-10-09 22:01:18,668 - INFO - 監視開始。
2024-10-09 22:01:29,141 - INFO - 監視停止。
2024-10-09 22:06:51,724 - INFO - 監視開始。
2024-10-09 22:13:53,851 - INFO - 商品リストをアップロードし、標準化ファイルを作成しました: E:/documents/work/python_scrapting/product_list.xlsx
2024-10-09 22:14:00,556 - INFO - 監視開始。
2024-10-09 22:34:14,221 - INFO - 監視停止。
